10:51:53.234 [main] INFO  testCases.TC_001_AccountRegistrationTest - ***Starting TC_001_AccountRegistrationTest***
10:51:54.191 [main] INFO  testCases.TC_001_AccountRegistrationTest - Clicked on my account link
10:51:54.962 [main] INFO  testCases.TC_001_AccountRegistrationTest - Click on register link
10:51:54.968 [main] INFO  testCases.TC_001_AccountRegistrationTest - Providing customer data
10:51:58.630 [main] INFO  testCases.TC_001_AccountRegistrationTest - click on continue
10:51:58.708 [main] INFO  testCases.TC_001_AccountRegistrationTest - Validating expected message
10:51:58.712 [main] INFO  testCases.TC_001_AccountRegistrationTest - ***Finished TC_001_AccountRegistrationtest***
10:53:31.407 [main] DEBUG io.netty.util.internal.logging.InternalLoggerFactory - Using Log4J2 as the default logging framework
10:53:31.452 [main] DEBUG io.netty.util.ResourceLeakDetector - -Dio.netty.leakDetection.level: simple
10:53:31.452 [main] DEBUG io.netty.util.ResourceLeakDetector - -Dio.netty.leakDetection.targetRecords: 4
10:53:31.458 [main] DEBUG io.netty.util.ResourceLeakDetectorFactory - Loaded default ResourceLeakDetector: io.netty.util.ResourceLeakDetector@70101687
10:53:31.487 [main] DEBUG io.netty.util.internal.PlatformDependent0 - -Dio.netty.noUnsafe: false
10:53:31.488 [main] DEBUG io.netty.util.internal.PlatformDependent0 - Java version: 17
10:53:31.489 [main] DEBUG io.netty.util.internal.PlatformDependent0 - sun.misc.Unsafe.theUnsafe: available
10:53:31.490 [main] DEBUG io.netty.util.internal.PlatformDependent0 - sun.misc.Unsafe.copyMemory: available
10:53:31.490 [main] DEBUG io.netty.util.internal.PlatformDependent0 - sun.misc.Unsafe.storeFence: available
10:53:31.490 [main] DEBUG io.netty.util.internal.PlatformDependent0 - java.nio.Buffer.address: available
10:53:31.492 [main] DEBUG io.netty.util.internal.PlatformDependent0 - direct buffer constructor: unavailable: Reflective setAccessible(true) disabled
10:53:31.493 [main] DEBUG io.netty.util.internal.PlatformDependent0 - java.nio.Bits.unaligned: available, true
10:53:31.495 [main] DEBUG io.netty.util.internal.PlatformDependent0 - jdk.internal.misc.Unsafe.allocateUninitializedArray(int): unavailable: class io.netty.util.internal.PlatformDependent0$7 cannot access class jdk.internal.misc.Unsafe (in module java.base) because module java.base does not export jdk.internal.misc to unnamed module @21213b92
10:53:31.497 [main] DEBUG io.netty.util.internal.PlatformDependent0 - java.nio.DirectByteBuffer.<init>(long, int): unavailable
10:53:31.498 [main] DEBUG io.netty.util.internal.PlatformDependent - sun.misc.Unsafe: available
10:53:31.500 [main] DEBUG io.netty.util.internal.PlatformDependent - maxDirectMemory: 1975517184 bytes (maybe)
10:53:31.500 [main] DEBUG io.netty.util.internal.PlatformDependent - -Dio.netty.tmpdir: C:\Users\gbhar\AppData\Local\Temp (java.io.tmpdir)
10:53:31.500 [main] DEBUG io.netty.util.internal.PlatformDependent - -Dio.netty.bitMode: 64 (sun.arch.data.model)
10:53:31.501 [main] DEBUG io.netty.util.internal.PlatformDependent - Platform: Windows
10:53:31.502 [main] DEBUG io.netty.util.internal.PlatformDependent - -Dio.netty.maxDirectMemory: -1 bytes
10:53:31.502 [main] DEBUG io.netty.util.internal.PlatformDependent - -Dio.netty.uninitializedArrayAllocationThreshold: -1
10:53:31.505 [main] DEBUG io.netty.util.internal.CleanerJava9 - java.nio.ByteBuffer.cleaner(): available
10:53:31.505 [main] DEBUG io.netty.util.internal.PlatformDependent - -Dio.netty.noPreferDirect: false
10:53:31.518 [main] DEBUG io.netty.util.internal.PlatformDependent - org.jctools-core.MpscChunkedArrayQueue: available
10:53:31.547 [main] DEBUG io.netty.util.internal.InternalThreadLocalMap - -Dio.netty.threadLocalMap.stringBuilder.initialSize: 1024
10:53:31.547 [main] DEBUG io.netty.util.internal.InternalThreadLocalMap - -Dio.netty.threadLocalMap.stringBuilder.maxSize: 4096
10:53:31.656 [main] DEBUG io.netty.handler.ssl.JdkSslContext - Default protocols (JDK): [TLSv1.3, TLSv1.2] 
10:53:31.656 [main] DEBUG io.netty.handler.ssl.JdkSslContext - Default cipher suites (JDK): [TLS_ECDHE_ECDSA_WITH_AES_256_GCM_SHA384, TLS_ECDHE_ECDSA_WITH_AES_128_GCM_SHA256, TLS_ECDHE_RSA_WITH_AES_128_GCM_SHA256, TLS_ECDHE_RSA_WITH_AES_256_GCM_SHA384, TLS_ECDHE_RSA_WITH_AES_128_CBC_SHA, TLS_ECDHE_RSA_WITH_AES_256_CBC_SHA, TLS_RSA_WITH_AES_128_GCM_SHA256, TLS_RSA_WITH_AES_128_CBC_SHA, TLS_RSA_WITH_AES_256_CBC_SHA, TLS_AES_128_GCM_SHA256, TLS_AES_256_GCM_SHA384]
10:53:31.677 [main] DEBUG io.netty.util.concurrent.GlobalEventExecutor - -Dio.netty.globalEventExecutor.quietPeriodSeconds: 1
10:53:31.698 [main] DEBUG io.netty.channel.MultithreadEventLoopGroup - -Dio.netty.eventLoopThreads: 24
10:53:31.713 [main] DEBUG io.netty.channel.nio.NioEventLoop - -Dio.netty.noKeySetOptimization: false
10:53:31.713 [main] DEBUG io.netty.channel.nio.NioEventLoop - -Dio.netty.selectorAutoRebuildThreshold: 512
10:53:31.823 [main] DEBUG io.netty.buffer.PooledByteBufAllocator - -Dio.netty.allocator.numHeapArenas: 24
10:53:31.823 [main] DEBUG io.netty.buffer.PooledByteBufAllocator - -Dio.netty.allocator.numDirectArenas: 24
10:53:31.824 [main] DEBUG io.netty.buffer.PooledByteBufAllocator - -Dio.netty.allocator.pageSize: 8192
10:53:31.824 [main] DEBUG io.netty.buffer.PooledByteBufAllocator - -Dio.netty.allocator.maxOrder: 9
10:53:31.824 [main] DEBUG io.netty.buffer.PooledByteBufAllocator - -Dio.netty.allocator.chunkSize: 4194304
10:53:31.824 [main] DEBUG io.netty.buffer.PooledByteBufAllocator - -Dio.netty.allocator.smallCacheSize: 256
10:53:31.824 [main] DEBUG io.netty.buffer.PooledByteBufAllocator - -Dio.netty.allocator.normalCacheSize: 64
10:53:31.824 [main] DEBUG io.netty.buffer.PooledByteBufAllocator - -Dio.netty.allocator.maxCachedBufferCapacity: 32768
10:53:31.824 [main] DEBUG io.netty.buffer.PooledByteBufAllocator - -Dio.netty.allocator.cacheTrimInterval: 8192
10:53:31.824 [main] DEBUG io.netty.buffer.PooledByteBufAllocator - -Dio.netty.allocator.cacheTrimIntervalMillis: 0
10:53:31.824 [main] DEBUG io.netty.buffer.PooledByteBufAllocator - -Dio.netty.allocator.useCacheForAllThreads: false
10:53:31.825 [main] DEBUG io.netty.buffer.PooledByteBufAllocator - -Dio.netty.allocator.maxCachedByteBuffersPerChunk: 1023
10:53:31.845 [main] DEBUG io.netty.buffer.ByteBufUtil - -Dio.netty.allocator.type: pooled
10:53:31.845 [main] DEBUG io.netty.buffer.ByteBufUtil - -Dio.netty.threadLocalDirectBufferSize: 0
10:53:31.845 [main] DEBUG io.netty.buffer.ByteBufUtil - -Dio.netty.maxThreadLocalCharBufferSize: 16384
10:53:32.398 [Forwarding newSession on session null to remote] DEBUG io.netty.channel.DefaultChannelId - -Dio.netty.processId: 15872 (auto-detected)
10:53:32.404 [Forwarding newSession on session null to remote] DEBUG io.netty.util.NetUtil - -Djava.net.preferIPv4Stack: false
10:53:32.405 [Forwarding newSession on session null to remote] DEBUG io.netty.util.NetUtil - -Djava.net.preferIPv6Addresses: false
10:53:32.423 [Forwarding newSession on session null to remote] DEBUG io.netty.util.NetUtilInitializations - Loopback interface: lo (Software Loopback Interface 1, 127.0.0.1)
10:53:32.424 [Forwarding newSession on session null to remote] DEBUG io.netty.util.NetUtil - Failed to get SOMAXCONN from sysctl and file \proc\sys\net\core\somaxconn. Default: 200
10:53:32.478 [Forwarding newSession on session null to remote] DEBUG io.netty.channel.DefaultChannelId - -Dio.netty.machineId: 00:50:56:ff:fe:c0:00:01 (auto-detected)
10:53:32.570 [AsyncHttpClient-1-2] DEBUG io.netty.buffer.AbstractByteBuf - -Dio.netty.buffer.checkAccessible: true
10:53:32.570 [AsyncHttpClient-1-2] DEBUG io.netty.buffer.AbstractByteBuf - -Dio.netty.buffer.checkBounds: true
10:53:32.570 [AsyncHttpClient-1-2] DEBUG io.netty.util.ResourceLeakDetectorFactory - Loaded default ResourceLeakDetector: io.netty.util.ResourceLeakDetector@209ba1f7
10:53:32.634 [AsyncHttpClient-1-2] DEBUG io.netty.util.Recycler - -Dio.netty.recycler.maxCapacityPerThread: 4096
10:53:32.635 [AsyncHttpClient-1-2] DEBUG io.netty.util.Recycler - -Dio.netty.recycler.ratio: 8
10:53:32.635 [AsyncHttpClient-1-2] DEBUG io.netty.util.Recycler - -Dio.netty.recycler.chunkSize: 32
10:53:32.635 [AsyncHttpClient-1-2] DEBUG io.netty.util.Recycler - -Dio.netty.recycler.blocking: false
10:53:32.635 [AsyncHttpClient-1-2] DEBUG io.netty.util.Recycler - -Dio.netty.recycler.batchFastThreadLocalOnly: true
10:53:33.836 [AsyncHttpClient-1-2] DEBUG io.netty.handler.codec.compression.Brotli - brotli4j not in the classpath; Brotli support will be unavailable.
10:53:34.109 [main] DEBUG io.netty.util.internal.ThreadLocalRandom - -Dio.netty.initialSeedUniquifier: 0xad644c04840dadd1
10:53:35.499 [main] DEBUG testCases.TC_001_AccountRegistrationTest - ***application logs***
10:53:35.500 [main] INFO  testCases.TC_001_AccountRegistrationTest - ***Starting TC_001_AccountRegistrationTest***
10:53:36.492 [main] INFO  testCases.TC_001_AccountRegistrationTest - Clicked on my account link
10:53:37.142 [main] INFO  testCases.TC_001_AccountRegistrationTest - Click on register link
10:53:37.144 [main] INFO  testCases.TC_001_AccountRegistrationTest - Providing customer data
10:53:40.830 [main] INFO  testCases.TC_001_AccountRegistrationTest - click on continue
10:53:40.905 [main] INFO  testCases.TC_001_AccountRegistrationTest - Validating expected message
10:53:40.908 [main] INFO  testCases.TC_001_AccountRegistrationTest - ***Finished TC_001_AccountRegistrationtest***
11:04:11.377 [main] INFO  testCases.TC_001_AccountRegistrationTest - ***Starting TC_001_AccountRegistrationTest***
11:04:11.547 [main] INFO  testCases.TC_001_AccountRegistrationTest - Clicked on my account link
11:04:12.244 [main] INFO  testCases.TC_001_AccountRegistrationTest - Click on register link
11:04:12.249 [main] INFO  testCases.TC_001_AccountRegistrationTest - Providing customer data
11:04:16.523 [main] INFO  testCases.TC_001_AccountRegistrationTest - click on continue
11:04:16.632 [main] INFO  testCases.TC_001_AccountRegistrationTest - Validating expected message
11:04:16.637 [main] INFO  testCases.TC_001_AccountRegistrationTest - ***Finished TC_001_AccountRegistrationtest***
11:04:33.517 [main] INFO  testCases.TC_001_AccountRegistrationTest - ***Starting TC_001_AccountRegistrationTest***
11:04:33.718 [main] INFO  testCases.TC_001_AccountRegistrationTest - Clicked on my account link
11:04:34.435 [main] INFO  testCases.TC_001_AccountRegistrationTest - Click on register link
11:04:34.438 [main] INFO  testCases.TC_001_AccountRegistrationTest - Providing customer data
11:04:38.345 [main] INFO  testCases.TC_001_AccountRegistrationTest - click on continue
11:04:38.434 [main] INFO  testCases.TC_001_AccountRegistrationTest - Validating expected message
11:04:38.441 [main] INFO  testCases.TC_001_AccountRegistrationTest - ***Finished TC_001_AccountRegistrationtest***
12:34:57.608 [main] INFO  testCases.TC_001_AccountRegistrationTest - ***Starting TC_001_AccountRegistrationTest***
12:34:57.819 [main] INFO  testCases.TC_001_AccountRegistrationTest - Clicked on my account link
12:34:59.038 [main] INFO  testCases.TC_001_AccountRegistrationTest - Click on register link
12:34:59.047 [main] INFO  testCases.TC_001_AccountRegistrationTest - Providing customer data
12:35:03.320 [main] INFO  testCases.TC_001_AccountRegistrationTest - click on continue
12:35:03.400 [main] INFO  testCases.TC_001_AccountRegistrationTest - Validating expected message
12:35:03.405 [main] INFO  testCases.TC_001_AccountRegistrationTest - ***Finished TC_001_AccountRegistrationtest***
12:44:14.689 [main] INFO  testCases.TC_001_AccountRegistrationTest - ***Starting TC_001_AccountRegistrationTest***
12:44:15.130 [main] INFO  testCases.TC_001_AccountRegistrationTest - Clicked on my account link
12:44:15.114 [main] INFO  testCases.TC_001_AccountRegistrationTest - ***Starting TC_001_AccountRegistrationTest***
12:44:15.457 [main] INFO  testCases.TC_001_AccountRegistrationTest - Clicked on my account link
12:44:17.125 [main] INFO  testCases.TC_001_AccountRegistrationTest - Click on register link
12:44:17.130 [main] INFO  testCases.TC_001_AccountRegistrationTest - Providing customer data
12:44:17.161 [main] INFO  testCases.TC_001_AccountRegistrationTest - Click on register link
12:44:17.167 [main] INFO  testCases.TC_001_AccountRegistrationTest - Providing customer data
12:44:22.222 [main] INFO  testCases.TC_001_AccountRegistrationTest - click on continue
12:44:22.244 [main] INFO  testCases.TC_001_AccountRegistrationTest - click on continue
12:44:22.320 [main] INFO  testCases.TC_001_AccountRegistrationTest - Validating expected message
12:44:22.324 [main] INFO  testCases.TC_001_AccountRegistrationTest - ***Finished TC_001_AccountRegistrationtest***
12:44:22.347 [main] INFO  testCases.TC_001_AccountRegistrationTest - Validating expected message
12:44:22.354 [main] INFO  testCases.TC_001_AccountRegistrationTest - ***Finished TC_001_AccountRegistrationtest***
12:49:49.954 [TestNG-tests-1] INFO  testCases.TC_001_AccountRegistrationTest - ***Starting TC_001_AccountRegistrationTest***
12:49:50.243 [TestNG-tests-1] INFO  testCases.TC_001_AccountRegistrationTest - Clicked on my account link
12:49:50.427 [TestNG-tests-2] INFO  testCases.TC_001_AccountRegistrationTest - ***Starting TC_001_AccountRegistrationTest***
12:49:50.625 [TestNG-tests-2] INFO  testCases.TC_001_AccountRegistrationTest - Clicked on my account link
12:49:51.459 [TestNG-tests-1] INFO  testCases.TC_001_AccountRegistrationTest - Click on register link
12:49:51.466 [TestNG-tests-1] INFO  testCases.TC_001_AccountRegistrationTest - Providing customer data
12:49:51.708 [TestNG-tests-2] INFO  testCases.TC_001_AccountRegistrationTest - Click on register link
12:49:51.717 [TestNG-tests-2] INFO  testCases.TC_001_AccountRegistrationTest - Providing customer data
12:49:55.768 [TestNG-tests-2] INFO  testCases.TC_001_AccountRegistrationTest - click on continue
12:49:55.840 [TestNG-tests-1] INFO  testCases.TC_001_AccountRegistrationTest - click on continue
12:49:55.870 [TestNG-tests-2] INFO  testCases.TC_001_AccountRegistrationTest - Validating expected message
12:49:55.876 [TestNG-tests-2] INFO  testCases.TC_001_AccountRegistrationTest - ***Finished TC_001_AccountRegistrationtest***
12:49:55.992 [TestNG-tests-1] INFO  testCases.TC_001_AccountRegistrationTest - Validating expected message
12:49:55.992 [TestNG-tests-1] INFO  testCases.TC_001_AccountRegistrationTest - ***Finished TC_001_AccountRegistrationtest***
13:11:33.704 [main] INFO  testCases.TC_001_AccountRegistrationTest - opening chrome browser
13:13:01.870 [main] INFO  testCases.TC_001_AccountRegistrationTest - opening chrome browser
13:16:42.458 [main] INFO  testCases.TC_001_AccountRegistrationTest - opening chrome browser
13:16:43.280 [main] INFO  testCases.TC_001_AccountRegistrationTest - ***Starting TC_001_AccountRegistrationTest***
13:16:43.405 [main] INFO  testCases.TC_001_AccountRegistrationTest - Clicked on my account link
13:16:43.910 [main] INFO  testCases.TC_001_AccountRegistrationTest - Click on register link
13:16:43.914 [main] INFO  testCases.TC_001_AccountRegistrationTest - Providing customer data
13:16:47.423 [main] INFO  testCases.TC_001_AccountRegistrationTest - click on continue
13:16:47.510 [main] INFO  testCases.TC_001_AccountRegistrationTest - Validating expected message
13:16:47.515 [main] INFO  testCases.TC_001_AccountRegistrationTest - ***Finished TC_001_AccountRegistrationtest***
14:12:18.281 [main] INFO  testCases.TC_001_AccountRegistrationTest - opening chrome browser
14:12:19.381 [main] INFO  testCases.TC_001_AccountRegistrationTest - ***Starting TC_001_AccountRegistrationTest***
14:12:19.516 [main] INFO  testCases.TC_001_AccountRegistrationTest - Clicked on my account link
14:12:20.053 [main] INFO  testCases.TC_001_AccountRegistrationTest - Click on register link
14:12:20.058 [main] INFO  testCases.TC_001_AccountRegistrationTest - Providing customer data
14:12:23.643 [main] INFO  testCases.TC_001_AccountRegistrationTest - click on continue
14:12:23.728 [main] INFO  testCases.TC_001_AccountRegistrationTest - Validating expected message
14:12:23.732 [main] INFO  testCases.TC_001_AccountRegistrationTest - ***Finished TC_001_AccountRegistrationtest***
14:13:57.116 [main] INFO  testCases.TC_001_AccountRegistrationTest - opening chrome browser
14:13:58.139 [main] INFO  testCases.TC_001_AccountRegistrationTest - ***Starting TC_001_AccountRegistrationTest***
14:13:58.321 [main] INFO  testCases.TC_001_AccountRegistrationTest - Clicked on my account link
14:13:58.990 [main] INFO  testCases.TC_001_AccountRegistrationTest - Click on register link
14:13:58.995 [main] INFO  testCases.TC_001_AccountRegistrationTest - Providing customer data
14:14:00.506 [main] INFO  testCases.TC_001_AccountRegistrationTest - click on continue
14:14:10.590 [main] INFO  testCases.TC_001_AccountRegistrationTest - Validating expected message
14:44:28.027 [main] INFO  testCases.TC_001_AccountRegistrationTest - opening chrome browser
14:44:29.660 [main] INFO  testCases.TC_001_AccountRegistrationTest - ***Starting TC_001_AccountRegistrationTest***
14:44:29.950 [main] INFO  testCases.TC_001_AccountRegistrationTest - Clicked on my account link
14:44:31.064 [main] INFO  testCases.TC_001_AccountRegistrationTest - Click on register link
14:44:31.071 [main] INFO  testCases.TC_001_AccountRegistrationTest - Providing customer data
14:44:33.250 [main] INFO  testCases.TC_001_AccountRegistrationTest - click on continue
14:44:43.326 [main] INFO  testCases.TC_001_AccountRegistrationTest - Validating expected message
14:44:46.150 [main] INFO  testCases.TC_002_loginTest - opening chrome browser
14:44:47.250 [main] INFO  testCases.TC_002_loginTest - ***Starting TC_002_LoginTest***
14:44:47.367 [main] INFO  testCases.TC_002_loginTest - Clicked on my account link
14:44:47.861 [main] INFO  testCases.TC_002_loginTest - Clicked on login link
14:44:48.068 [main] INFO  testCases.TC_002_loginTest - entered email
14:44:48.216 [main] INFO  testCases.TC_002_loginTest - entered password
14:44:48.908 [main] INFO  testCases.TC_002_loginTest - clicked on login button
14:44:49.008 [main] INFO  testCases.TC_002_loginTest - success logged in
14:44:49.009 [main] INFO  testCases.TC_002_loginTest - ***Finished TC_002_LoginTest***
14:45:57.145 [main] INFO  testCases.TC_001_AccountRegistrationTest - opening chrome browser
14:45:58.101 [main] INFO  testCases.TC_001_AccountRegistrationTest - ***Starting TC_001_AccountRegistrationTest***
14:45:58.270 [main] INFO  testCases.TC_001_AccountRegistrationTest - Clicked on my account link
14:45:58.918 [main] INFO  testCases.TC_001_AccountRegistrationTest - Click on register link
14:45:58.921 [main] INFO  testCases.TC_001_AccountRegistrationTest - Providing customer data
14:46:02.643 [main] INFO  testCases.TC_001_AccountRegistrationTest - click on continue
14:46:02.726 [main] INFO  testCases.TC_001_AccountRegistrationTest - Validating expected message
14:46:02.730 [main] INFO  testCases.TC_001_AccountRegistrationTest - ***Finished TC_001_AccountRegistrationtest***
14:46:04.569 [main] INFO  testCases.TC_002_loginTest - opening chrome browser
14:46:16.555 [main] INFO  testCases.TC_002_loginTest - ***Starting TC_002_LoginTest***
14:46:16.671 [main] INFO  testCases.TC_002_loginTest - Clicked on my account link
14:46:17.218 [main] INFO  testCases.TC_002_loginTest - Clicked on login link
14:46:17.477 [main] INFO  testCases.TC_002_loginTest - entered email
14:46:17.688 [main] INFO  testCases.TC_002_loginTest - entered password
14:46:18.346 [main] INFO  testCases.TC_002_loginTest - clicked on login button
14:46:18.441 [main] INFO  testCases.TC_002_loginTest - success logged in
14:46:18.442 [main] INFO  testCases.TC_002_loginTest - ***Finished TC_002_LoginTest***
15:36:20.871 [main] INFO  testCases.TC_003_LoginDDT - opening chrome browser
15:36:23.999 [main] INFO  testCases.TC_003_LoginDDT - ***Starting TC_002_LoginTest***
15:36:35.731 [main] INFO  testCases.TC_003_LoginDDT - ***Finished TC_002_LoginTest***
15:36:35.758 [main] INFO  testCases.TC_003_LoginDDT - ***Starting TC_002_LoginTest***
15:36:47.308 [main] INFO  testCases.TC_003_LoginDDT - ***Finished TC_002_LoginTest***
15:36:47.315 [main] INFO  testCases.TC_003_LoginDDT - ***Starting TC_002_LoginTest***
15:36:58.619 [main] INFO  testCases.TC_003_LoginDDT - ***Finished TC_002_LoginTest***
15:36:58.626 [main] INFO  testCases.TC_003_LoginDDT - ***Starting TC_002_LoginTest***
15:37:09.941 [main] INFO  testCases.TC_003_LoginDDT - ***Finished TC_002_LoginTest***
15:37:09.948 [main] INFO  testCases.TC_003_LoginDDT - ***Starting TC_002_LoginTest***
15:37:11.994 [main] INFO  testCases.TC_003_LoginDDT - ***Finished TC_002_LoginTest***
09:36:16.383 [main] INFO  testCases.TC_001_AccountRegistrationTest - opening chrome browser
09:36:24.243 [main] INFO  testCases.TC_002_loginTest - opening chrome browser
09:36:49.535 [main] INFO  testCases.TC_001_AccountRegistrationTest - opening chrome browser
09:36:55.566 [main] INFO  testCases.TC_001_AccountRegistrationTest - ***Starting TC_001_AccountRegistrationTest***
09:36:55.713 [main] INFO  testCases.TC_001_AccountRegistrationTest - Clicked on my account link
09:36:56.751 [main] INFO  testCases.TC_001_AccountRegistrationTest - Click on register link
09:36:56.755 [main] INFO  testCases.TC_001_AccountRegistrationTest - Providing customer data
09:37:00.809 [main] INFO  testCases.TC_001_AccountRegistrationTest - click on continue
09:37:00.905 [main] INFO  testCases.TC_001_AccountRegistrationTest - Validating expected message
09:37:00.910 [main] INFO  testCases.TC_001_AccountRegistrationTest - ***Finished TC_001_AccountRegistrationtest***
09:37:02.270 [main] INFO  testCases.TC_002_loginTest - opening chrome browser
09:37:03.206 [main] INFO  testCases.TC_002_loginTest - ***Starting TC_002_LoginTest***
09:37:03.311 [main] INFO  testCases.TC_002_loginTest - Clicked on my account link
09:37:03.839 [main] INFO  testCases.TC_002_loginTest - Clicked on login link
09:37:03.991 [main] INFO  testCases.TC_002_loginTest - entered email
09:37:04.120 [main] INFO  testCases.TC_002_loginTest - entered password
09:37:04.799 [main] INFO  testCases.TC_002_loginTest - clicked on login button
09:37:04.878 [main] INFO  testCases.TC_002_loginTest - success logged in
09:37:04.879 [main] INFO  testCases.TC_002_loginTest - ***Finished TC_002_LoginTest***
09:46:30.089 [main] INFO  testCases.TC_001_AccountRegistrationTest - opening chrome browser
09:46:31.043 [main] INFO  testCases.TC_001_AccountRegistrationTest - ***Starting TC_001_AccountRegistrationTest***
09:46:31.204 [main] INFO  testCases.TC_001_AccountRegistrationTest - Clicked on my account link
09:46:31.836 [main] INFO  testCases.TC_001_AccountRegistrationTest - Click on register link
09:46:31.838 [main] INFO  testCases.TC_001_AccountRegistrationTest - Providing customer data
09:46:35.573 [main] INFO  testCases.TC_001_AccountRegistrationTest - click on continue
09:46:35.666 [main] INFO  testCases.TC_001_AccountRegistrationTest - Validating expected message
09:46:37.809 [main] INFO  testCases.TC_002_loginTest - opening chrome browser
09:46:38.710 [main] INFO  testCases.TC_002_loginTest - ***Starting TC_002_LoginTest***
09:46:38.841 [main] INFO  testCases.TC_002_loginTest - Clicked on my account link
09:46:39.330 [main] INFO  testCases.TC_002_loginTest - Clicked on login link
09:46:39.513 [main] INFO  testCases.TC_002_loginTest - entered email
09:46:39.670 [main] INFO  testCases.TC_002_loginTest - entered password
09:46:40.341 [main] INFO  testCases.TC_002_loginTest - clicked on login button
09:46:40.443 [main] INFO  testCases.TC_002_loginTest - success logged in
09:46:40.443 [main] INFO  testCases.TC_002_loginTest - ***Finished TC_002_LoginTest***
09:47:57.709 [main] INFO  testCases.TC_001_AccountRegistrationTest - opening chrome browser
09:47:58.718 [main] INFO  testCases.TC_001_AccountRegistrationTest - ***Starting TC_001_AccountRegistrationTest***
09:47:58.859 [main] INFO  testCases.TC_001_AccountRegistrationTest - Clicked on my account link
09:47:59.427 [main] INFO  testCases.TC_001_AccountRegistrationTest - Click on register link
09:47:59.432 [main] INFO  testCases.TC_001_AccountRegistrationTest - Providing customer data
09:48:03.208 [main] INFO  testCases.TC_001_AccountRegistrationTest - click on continue
09:48:03.292 [main] INFO  testCases.TC_001_AccountRegistrationTest - Validating expected message
09:48:03.299 [main] INFO  testCases.TC_001_AccountRegistrationTest - ***Finished TC_001_AccountRegistrationtest***
09:48:51.753 [main] INFO  testCases.TC_001_AccountRegistrationTest - opening chrome browser
09:48:52.672 [main] INFO  testCases.TC_001_AccountRegistrationTest - ***Starting TC_001_AccountRegistrationTest***
09:48:52.840 [main] INFO  testCases.TC_001_AccountRegistrationTest - Clicked on my account link
09:48:53.541 [main] INFO  testCases.TC_001_AccountRegistrationTest - Click on register link
09:48:53.546 [main] INFO  testCases.TC_001_AccountRegistrationTest - Providing customer data
09:48:57.262 [main] INFO  testCases.TC_001_AccountRegistrationTest - click on continue
09:48:57.343 [main] INFO  testCases.TC_001_AccountRegistrationTest - Validating expected message
09:48:57.348 [main] INFO  testCases.TC_001_AccountRegistrationTest - ***Finished TC_001_AccountRegistrationtest***
09:48:59.108 [main] INFO  testCases.TC_002_loginTest - opening chrome browser
09:49:00.335 [main] INFO  testCases.TC_002_loginTest - ***Starting TC_002_LoginTest***
09:49:00.495 [main] INFO  testCases.TC_002_loginTest - Clicked on my account link
09:49:01.076 [main] INFO  testCases.TC_002_loginTest - Clicked on login link
09:49:01.319 [main] INFO  testCases.TC_002_loginTest - entered email
09:49:01.491 [main] INFO  testCases.TC_002_loginTest - entered password
09:49:02.090 [main] INFO  testCases.TC_002_loginTest - clicked on login button
09:49:02.193 [main] INFO  testCases.TC_002_loginTest - success logged in
09:49:02.193 [main] INFO  testCases.TC_002_loginTest - ***Finished TC_002_LoginTest***
10:28:27.674 [main] INFO  testCases.TC_001_AccountRegistrationTest - opening chrome browser
10:28:28.356 [main] INFO  testCases.TC_001_AccountRegistrationTest - ***Starting TC_001_AccountRegistrationTest***
10:28:28.449 [main] INFO  testCases.TC_001_AccountRegistrationTest - Clicked on my account link
10:28:28.821 [main] INFO  testCases.TC_001_AccountRegistrationTest - Click on register link
10:28:28.823 [main] INFO  testCases.TC_001_AccountRegistrationTest - Providing customer data
10:28:31.813 [main] INFO  testCases.TC_001_AccountRegistrationTest - click on continue
10:28:31.861 [main] INFO  testCases.TC_001_AccountRegistrationTest - Validating expected message
10:28:31.863 [main] INFO  testCases.TC_001_AccountRegistrationTest - ***Finished TC_001_AccountRegistrationtest***
10:28:32.965 [main] INFO  testCases.TC_002_loginTest - opening chrome browser
10:28:33.551 [main] INFO  testCases.TC_002_loginTest - ***Starting TC_002_LoginTest***
10:28:33.631 [main] INFO  testCases.TC_002_loginTest - Clicked on my account link
10:28:33.946 [main] INFO  testCases.TC_002_loginTest - Clicked on login link
10:28:34.100 [main] INFO  testCases.TC_002_loginTest - entered email
10:28:34.186 [main] INFO  testCases.TC_002_loginTest - entered password
10:28:34.531 [main] INFO  testCases.TC_002_loginTest - clicked on login button
10:28:34.589 [main] INFO  testCases.TC_002_loginTest - success logged in
10:28:34.589 [main] INFO  testCases.TC_002_loginTest - ***Finished TC_002_LoginTest***
10:54:43.205 [main] INFO  testCases.TC_001_AccountRegistrationTest - opening chrome browser
10:54:44.223 [main] INFO  testCases.TC_001_AccountRegistrationTest - ***Starting TC_001_AccountRegistrationTest***
10:54:44.354 [main] INFO  testCases.TC_001_AccountRegistrationTest - Clicked on my account link
10:54:45.379 [main] INFO  testCases.TC_001_AccountRegistrationTest - Click on register link
10:54:45.387 [main] INFO  testCases.TC_001_AccountRegistrationTest - Providing customer data
10:54:48.642 [main] INFO  testCases.TC_001_AccountRegistrationTest - click on continue
10:54:48.704 [main] INFO  testCases.TC_001_AccountRegistrationTest - Validating expected message
10:54:48.707 [main] INFO  testCases.TC_001_AccountRegistrationTest - ***Finished TC_001_AccountRegistrationtest***
10:54:50.146 [main] INFO  testCases.TC_002_loginTest - opening chrome browser
10:54:50.822 [main] INFO  testCases.TC_002_loginTest - ***Starting TC_002_LoginTest***
10:54:50.911 [main] INFO  testCases.TC_002_loginTest - Clicked on my account link
10:54:51.340 [main] INFO  testCases.TC_002_loginTest - Clicked on login link
10:54:51.528 [main] INFO  testCases.TC_002_loginTest - entered email
10:54:51.656 [main] INFO  testCases.TC_002_loginTest - entered password
10:54:52.077 [main] INFO  testCases.TC_002_loginTest - clicked on login button
10:54:52.174 [main] INFO  testCases.TC_002_loginTest - success logged in
10:54:52.175 [main] INFO  testCases.TC_002_loginTest - ***Finished TC_002_LoginTest***
10:58:55.122 [main] INFO  testCases.TC_001_AccountRegistrationTest - opening chrome browser
10:58:55.905 [main] INFO  testCases.TC_001_AccountRegistrationTest - ***Starting TC_001_AccountRegistrationTest***
10:58:56.026 [main] INFO  testCases.TC_001_AccountRegistrationTest - Clicked on my account link
10:58:56.550 [main] INFO  testCases.TC_001_AccountRegistrationTest - Click on register link
10:58:56.551 [main] INFO  testCases.TC_001_AccountRegistrationTest - Providing customer data
10:58:59.854 [main] INFO  testCases.TC_001_AccountRegistrationTest - click on continue
10:58:59.922 [main] INFO  testCases.TC_001_AccountRegistrationTest - Validating expected message
10:58:59.925 [main] INFO  testCases.TC_001_AccountRegistrationTest - ***Finished TC_001_AccountRegistrationtest***
10:59:01.197 [main] INFO  testCases.TC_002_loginTest - opening chrome browser
10:59:01.949 [main] INFO  testCases.TC_002_loginTest - ***Starting TC_002_LoginTest***
10:59:02.047 [main] INFO  testCases.TC_002_loginTest - Clicked on my account link
10:59:02.457 [main] INFO  testCases.TC_002_loginTest - Clicked on login link
10:59:02.625 [main] INFO  testCases.TC_002_loginTest - entered email
10:59:02.721 [main] INFO  testCases.TC_002_loginTest - entered password
10:59:03.148 [main] INFO  testCases.TC_002_loginTest - clicked on login button
10:59:03.222 [main] INFO  testCases.TC_002_loginTest - success logged in
10:59:03.222 [main] INFO  testCases.TC_002_loginTest - ***Finished TC_002_LoginTest***
